<?xml version="1.0" encoding="UTF-8"?>
<!-- Generated by org.testng.reporters.JUnitReportReporter -->
<testsuite hostname="RLE0131" name="com.userprofile.scholastic.test.BookwizardRegistrationTest" tests="1" failures="1" timestamp="12 Jan 2016 09:59:17 GMT" time="0.000" errors="0">
  <testcase name="teacherRegistration" time="0.000" classname="com.userprofile.scholastic.test.BookwizardRegistrationTest"/>
</testsuite> <!-- com.userprofile.scholastic.test.BookwizardRegistrationTest -->
