<?xml version="1.0" encoding="UTF-8"?>
<!-- Generated by org.testng.reporters.JUnitReportReporter -->
<testsuite hostname="RLE0131" name="com.userprofile.scholastic.test.Read1000PageTest" tests="3" failures="3" timestamp="12 Jan 2016 09:59:16 GMT" time="0.000" errors="0">
  <testcase name="parentRegistration" time="0.000" classname="com.userprofile.scholastic.test.Read1000PageTest"/>
  <testcase name="parentRegistration" time="0.000" classname="com.userprofile.scholastic.test.Read1000PageTest"/>
  <testcase name="parentRegistration" time="0.000" classname="com.userprofile.scholastic.test.Read1000PageTest"/>
</testsuite> <!-- com.userprofile.scholastic.test.Read1000PageTest -->
