<?xml version="1.0" encoding="UTF-8"?>
<!-- Generated by org.testng.reporters.JUnitReportReporter -->
<testsuite hostname="RLE0131" name="com.userprofile.scholastic.test.InfinityRingLoginTest" tests="2" failures="2" timestamp="12 Jan 2016 09:59:17 GMT" time="0.000" errors="0">
  <testcase name="logintoApp" time="0.000" classname="com.userprofile.scholastic.test.InfinityRingLoginTest"/>
  <testcase name="logintoApp" time="0.000" classname="com.userprofile.scholastic.test.InfinityRingLoginTest"/>
</testsuite> <!-- com.userprofile.scholastic.test.InfinityRingLoginTest -->
